W, [2018-02-28T23:12:12.297789 #43842]  WARN -- : WARNING on line 163 of /Users/Will/mycode/triggerhappy/page-server/app/assets/stylesheets/base.css.sass:
This selector doesn't have any properties and will not be rendered.

W, [2018-02-28T23:12:12.312910 #43842]  WARN -- : DEPRECATION WARNING on line 299, column 28 of /Users/Will/mycode/triggerhappy/page-server/app/assets/stylesheets/base.css.sass:
The value "#ffff" is currently parsed as a string, but it will be parsed as a color in
future versions of Sass. Use "unquote('#ffff')" to continue parsing it as a string.


W, [2018-02-28T23:12:12.314580 #43842]  WARN -- : DEPRECATION WARNING on line 316, column 28 of /Users/Will/mycode/triggerhappy/page-server/app/assets/stylesheets/base.css.sass:
The value "#ffff" is currently parsed as a string, but it will be parsed as a color in
future versions of Sass. Use "unquote('#ffff')" to continue parsing it as a string.


W, [2018-02-28T23:12:12.347360 #43842]  WARN -- : WARNING on line 653 of /Users/Will/mycode/triggerhappy/page-server/app/assets/stylesheets/base.css.sass:
This selector doesn't have any properties and will not be rendered.

W, [2018-02-28T23:12:12.389860 #43842]  WARN -- : WARNING on line 1042 of /Users/Will/mycode/triggerhappy/page-server/app/assets/stylesheets/base.css.sass:
This selector doesn't have any properties and will not be rendered.

W, [2018-02-28T23:12:12.413097 #43842]  WARN -- : WARNING on line 1297 of /Users/Will/mycode/triggerhappy/page-server/app/assets/stylesheets/base.css.sass:
This selector doesn't have any properties and will not be rendered.

W, [2018-02-28T23:12:12.413490 #43842]  WARN -- : WARNING on line 1300 of /Users/Will/mycode/triggerhappy/page-server/app/assets/stylesheets/base.css.sass:
This selector doesn't have any properties and will not be rendered.

W, [2018-02-28T23:12:12.413616 #43842]  WARN -- : WARNING on line 1301 of /Users/Will/mycode/triggerhappy/page-server/app/assets/stylesheets/base.css.sass:
This selector doesn't have any properties and will not be rendered.

W, [2018-02-28T23:12:12.413738 #43842]  WARN -- : WARNING on line 1302 of /Users/Will/mycode/triggerhappy/page-server/app/assets/stylesheets/base.css.sass:
This selector doesn't have any properties and will not be rendered.

W, [2018-02-28T23:12:12.413858 #43842]  WARN -- : WARNING on line 1303 of /Users/Will/mycode/triggerhappy/page-server/app/assets/stylesheets/base.css.sass:
This selector doesn't have any properties and will not be rendered.

W, [2018-02-28T23:12:12.413976 #43842]  WARN -- : WARNING on line 1304 of /Users/Will/mycode/triggerhappy/page-server/app/assets/stylesheets/base.css.sass:
This selector doesn't have any properties and will not be rendered.

W, [2018-02-28T23:12:12.414264 #43842]  WARN -- : WARNING on line 1307 of /Users/Will/mycode/triggerhappy/page-server/app/assets/stylesheets/base.css.sass:
This selector doesn't have any properties and will not be rendered.

W, [2018-02-28T23:12:12.414383 #43842]  WARN -- : WARNING on line 1308 of /Users/Will/mycode/triggerhappy/page-server/app/assets/stylesheets/base.css.sass:
This selector doesn't have any properties and will not be rendered.

W, [2018-02-28T23:12:12.414501 #43842]  WARN -- : WARNING on line 1309 of /Users/Will/mycode/triggerhappy/page-server/app/assets/stylesheets/base.css.sass:
This selector doesn't have any properties and will not be rendered.

W, [2018-02-28T23:12:12.415374 #43842]  WARN -- : WARNING on line 1318 of /Users/Will/mycode/triggerhappy/page-server/app/assets/stylesheets/base.css.sass:
This selector doesn't have any properties and will not be rendered.

W, [2018-02-28T23:12:12.415644 #43842]  WARN -- : WARNING on line 1321 of /Users/Will/mycode/triggerhappy/page-server/app/assets/stylesheets/base.css.sass:
This selector doesn't have any properties and will not be rendered.

W, [2018-02-28T23:12:12.415752 #43842]  WARN -- : WARNING on line 1322 of /Users/Will/mycode/triggerhappy/page-server/app/assets/stylesheets/base.css.sass:
This selector doesn't have any properties and will not be rendered.

W, [2018-02-28T23:12:12.415860 #43842]  WARN -- : WARNING on line 1323 of /Users/Will/mycode/triggerhappy/page-server/app/assets/stylesheets/base.css.sass:
This selector doesn't have any properties and will not be rendered.

W, [2018-02-28T23:12:12.415990 #43842]  WARN -- : WARNING on line 1324 of /Users/Will/mycode/triggerhappy/page-server/app/assets/stylesheets/base.css.sass:
This selector doesn't have any properties and will not be rendered.

W, [2018-02-28T23:12:12.416095 #43842]  WARN -- : WARNING on line 1325 of /Users/Will/mycode/triggerhappy/page-server/app/assets/stylesheets/base.css.sass:
This selector doesn't have any properties and will not be rendered.

W, [2018-02-28T23:12:12.416200 #43842]  WARN -- : WARNING on line 1326 of /Users/Will/mycode/triggerhappy/page-server/app/assets/stylesheets/base.css.sass:
This selector doesn't have any properties and will not be rendered.

W, [2018-02-28T23:12:12.416306 #43842]  WARN -- : WARNING on line 1327 of /Users/Will/mycode/triggerhappy/page-server/app/assets/stylesheets/base.css.sass:
This selector doesn't have any properties and will not be rendered.

W, [2018-02-28T23:12:12.416412 #43842]  WARN -- : WARNING on line 1328 of /Users/Will/mycode/triggerhappy/page-server/app/assets/stylesheets/base.css.sass:
This selector doesn't have any properties and will not be rendered.

W, [2018-02-28T23:12:12.416513 #43842]  WARN -- : WARNING on line 1329 of /Users/Will/mycode/triggerhappy/page-server/app/assets/stylesheets/base.css.sass:
This selector doesn't have any properties and will not be rendered.

W, [2018-02-28T23:12:12.416612 #43842]  WARN -- : WARNING on line 1330 of /Users/Will/mycode/triggerhappy/page-server/app/assets/stylesheets/base.css.sass:
This selector doesn't have any properties and will not be rendered.

W, [2018-02-28T23:12:12.416717 #43842]  WARN -- : WARNING on line 1331 of /Users/Will/mycode/triggerhappy/page-server/app/assets/stylesheets/base.css.sass:
This selector doesn't have any properties and will not be rendered.

W, [2018-02-28T23:12:12.416822 #43842]  WARN -- : WARNING on line 1332 of /Users/Will/mycode/triggerhappy/page-server/app/assets/stylesheets/base.css.sass:
This selector doesn't have any properties and will not be rendered.

I, [2018-02-28T23:12:23.711250 #43873]  INFO -- : Started GET "/page" for 127.0.0.1 at 2018-02-28 23:12:23 +1300
I, [2018-02-28T23:12:23.713076 #43873]  INFO -- : Processing by PublicController#page as */*
I, [2018-02-28T23:12:23.728541 #43873]  INFO -- :   Rendered public/page.html.haml within layouts/base (7.6ms)
I, [2018-02-28T23:12:23.752170 #43873]  INFO -- :   Rendered public/rules.text (0.9ms)
I, [2018-02-28T23:12:23.753012 #43873]  INFO -- :   Rendered public/rules.js.erb (6.4ms)
I, [2018-02-28T23:12:23.753977 #43873]  INFO -- :   Rendered public/models.js.erb (0.3ms)
I, [2018-02-28T23:12:23.758714 #43873]  INFO -- :   Rendered layouts/render.html (0.3ms)
I, [2018-02-28T23:12:23.758901 #43873]  INFO -- : Completed 200 OK in 46ms (Views: 45.6ms)
I, [2018-02-28T23:23:40.089710 #44072]  INFO -- : Started GET "/page" for 127.0.0.1 at 2018-02-28 23:23:40 +1300
I, [2018-02-28T23:23:40.119076 #44072]  INFO -- : Processing by PublicController#page as */*
I, [2018-02-28T23:23:40.134649 #44072]  INFO -- :   Rendered public/page.html.haml within layouts/base (7.1ms)
I, [2018-02-28T23:23:40.158076 #44072]  INFO -- :   Rendered public/rules.text (0.9ms)
I, [2018-02-28T23:23:40.158987 #44072]  INFO -- :   Rendered public/rules.js.erb (6.6ms)
I, [2018-02-28T23:23:40.159911 #44072]  INFO -- :   Rendered public/models.js.erb (0.3ms)
I, [2018-02-28T23:23:40.164467 #44072]  INFO -- :   Rendered layouts/render.html (0.3ms)
I, [2018-02-28T23:23:40.164652 #44072]  INFO -- : Completed 200 OK in 45ms (Views: 45.4ms)
I, [2018-02-28T23:25:31.050942 #44183]  INFO -- : Started GET "/page" for 127.0.0.1 at 2018-02-28 23:25:31 +1300
I, [2018-02-28T23:25:31.052661 #44183]  INFO -- : Processing by PublicController#page as */*
I, [2018-02-28T23:25:31.068061 #44183]  INFO -- :   Rendered public/page.html.haml within layouts/base (7.7ms)
I, [2018-02-28T23:25:31.091951 #44183]  INFO -- :   Rendered public/rules.text (0.9ms)
I, [2018-02-28T23:25:31.092801 #44183]  INFO -- :   Rendered public/rules.js.erb (6.5ms)
I, [2018-02-28T23:25:31.093819 #44183]  INFO -- :   Rendered public/models.js.erb (0.3ms)
I, [2018-02-28T23:25:31.098505 #44183]  INFO -- :   Rendered layouts/render.html (0.3ms)
I, [2018-02-28T23:25:31.098717 #44183]  INFO -- : Completed 200 OK in 46ms (Views: 45.9ms)
I, [2018-02-28T23:34:20.548816 #44341]  INFO -- : Started GET "/page" for 127.0.0.1 at 2018-02-28 23:34:20 +1300
I, [2018-02-28T23:34:20.550621 #44341]  INFO -- : Processing by PublicController#page as */*
I, [2018-02-28T23:34:20.566251 #44341]  INFO -- :   Rendered public/page.html.haml within layouts/base (7.6ms)
I, [2018-02-28T23:34:20.590242 #44341]  INFO -- :   Rendered public/rules.text (1.1ms)
I, [2018-02-28T23:34:20.591096 #44341]  INFO -- :   Rendered public/rules.js.erb (7.1ms)
I, [2018-02-28T23:34:20.592209 #44341]  INFO -- :   Rendered public/models.js.erb (0.3ms)
I, [2018-02-28T23:34:20.597505 #44341]  INFO -- :   Rendered layouts/render.html (0.3ms)
I, [2018-02-28T23:34:20.597689 #44341]  INFO -- : Completed 200 OK in 47ms (Views: 46.9ms)
